<?xml version="1.0" encoding="UTF-8"?>
<testng-results ignored="0" total="1" passed="1" failed="0" skipped="0">
  <reporter-output>
  </reporter-output>
  <suite started-at="2025-04-16T20:25:30 IST" name="Default suite" finished-at="2025-04-16T20:25:40 IST" duration-ms="10614">
    <groups>
      <group name="cucumber">
        <method signature="AbstractTestNGCucumberTests.runScenario(io.cucumber.testng.PickleWrapper,io.cucumber.testng.FeatureWrapper)[pri:0, instance:Runner.Funnerclass@4009e306]" name="runScenario" class="io.cucumber.testng.AbstractTestNGCucumberTests"/>
      </group> <!-- cucumber -->
    </groups>
    <test started-at="2025-04-16T20:25:30 IST" name="Default test" finished-at="2025-04-16T20:25:40 IST" duration-ms="10614">
      <class name="Runner.Funnerclass">
        <test-method is-config="true" signature="setUpClass(org.testng.ITestContext)[pri:0, instance:Runner.Funnerclass@4009e306]" started-at="2025-04-16T20:25:30 IST" name="setUpClass" finished-at="2025-04-16T20:25:31 IST" duration-ms="1190" status="PASS">
          <params>
            <param index="0">
              <value>
                <![CDATA[org.testng.TestRunner@1391af3b]]>
              </value>
            </param>
          </params>
          <reporter-output>
          </reporter-output>
        </test-method> <!-- setUpClass -->
        <test-method signature="runScenario(io.cucumber.testng.PickleWrapper,io.cucumber.testng.FeatureWrapper)[pri:0, instance:Runner.Funnerclass@4009e306]" started-at="2025-04-16T20:25:31 IST" name="runScenario" description="Runs Cucumber Scenarios" data-provider="scenarios" finished-at="2025-04-16T20:25:40 IST" duration-ms="9107" status="PASS">
          <params>
            <param index="0">
              <value>
                <![CDATA["Validate valid username and password"]]>
              </value>
            </param>
            <param index="1">
              <value>
                <![CDATA["Login feature"]]>
              </value>
            </param>
          </params>
          <reporter-output>
          </reporter-output>
        </test-method> <!-- runScenario -->
        <test-method is-config="true" signature="tearDownClass()[pri:0, instance:Runner.Funnerclass@4009e306]" started-at="2025-04-16T20:25:40 IST" name="tearDownClass" finished-at="2025-04-16T20:25:40 IST" duration-ms="157" status="PASS">
          <reporter-output>
          </reporter-output>
        </test-method> <!-- tearDownClass -->
      </class> <!-- Runner.Funnerclass -->
    </test> <!-- Default test -->
  </suite> <!-- Default suite -->
</testng-results>
